<?xml version="1.0" encoding="UTF-8"?>
<!-- Generated by org.testng.reporters.JUnitXMLReporter -->
<testsuite ignored="0" hostname="DESKTOP-S3RV3MH" failures="0" tests="2" name="Default test" time="3.461" errors="0" timestamp="2020-11-19T12:56:44 IST">
  <testcase classname="DataDriven_testAPI.T002_DataDrive_MultipleData" name="DataDriven_singleData" time="2.816"/>
  <testcase classname="DataDriven_testAPI.T002_DataDrive_MultipleData" name="DataDriven_singleData" time="0.594"/>
</testsuite> <!-- Default test -->
