<?xml version="1.0" encoding="UTF-8"?>
<testng-results ignored="0" total="2" passed="2" failed="0" skipped="0">
  <reporter-output>
  </reporter-output>
  <suite started-at="2020-11-19T12:56:41 IST" name="Default suite" finished-at="2020-11-19T12:56:44 IST" duration-ms="3461">
    <groups>
    </groups>
    <test started-at="2020-11-19T12:56:41 IST" name="Default test" finished-at="2020-11-19T12:56:44 IST" duration-ms="3461">
      <class name="DataDriven_testAPI.T002_DataDrive_MultipleData">
        <test-method signature="DataDriven_singleData(java.lang.String, java.lang.String)[pri:0, instance:DataDriven_testAPI.T002_DataDrive_MultipleData@69fb6037]" started-at="2020-11-19T12:56:41 IST" name="DataDriven_singleData" data-provider="RegisterData" finished-at="2020-11-19T12:56:44 IST" duration-ms="2816" status="PASS">
          <params>
            <param index="0">
              <value>
                <![CDATA[eve.holt@reqres.in]]>
              </value>
            </param>
            <param index="1">
              <value>
                <![CDATA[pistol]]>
              </value>
            </param>
          </params>
          <reporter-output>
          </reporter-output>
        </test-method> <!-- DataDriven_singleData -->
        <test-method signature="DataDriven_singleData(java.lang.String, java.lang.String)[pri:0, instance:DataDriven_testAPI.T002_DataDrive_MultipleData@69fb6037]" started-at="2020-11-19T12:56:44 IST" name="DataDriven_singleData" data-provider="RegisterData" finished-at="2020-11-19T12:56:44 IST" duration-ms="594" status="PASS">
          <params>
            <param index="0">
              <value>
                <![CDATA[eve.holt@reqres123.in]]>
              </value>
            </param>
            <param index="1">
              <value>
                <![CDATA[pistol1]]>
              </value>
            </param>
          </params>
          <reporter-output>
          </reporter-output>
        </test-method> <!-- DataDriven_singleData -->
      </class> <!-- DataDriven_testAPI.T002_DataDrive_MultipleData -->
    </test> <!-- Default test -->
  </suite> <!-- Default suite -->
</testng-results>
