<?xml version="1.0" encoding="UTF-8"?>
<testng-results ignored="0" total="1" passed="1" failed="0" skipped="0">
  <reporter-output>
  </reporter-output>
  <suite started-at="2020-11-18T22:30:47 IST" name="Default suite" finished-at="2020-11-18T22:30:51 IST" duration-ms="3759">
    <groups>
    </groups>
    <test started-at="2020-11-18T22:30:47 IST" name="Default test" finished-at="2020-11-18T22:30:51 IST" duration-ms="3759">
      <class name="Test_restassured.get_validate_ResponseBody">
        <test-method signature="validateresponseBody()[pri:0, instance:Test_restassured.get_validate_ResponseBody@50caa560]" started-at="2020-11-18T22:30:47 IST" name="validateresponseBody" finished-at="2020-11-18T22:30:51 IST" duration-ms="3721" status="PASS">
          <reporter-output>
          </reporter-output>
        </test-method> <!-- validateresponseBody -->
      </class> <!-- Test_restassured.get_validate_ResponseBody -->
    </test> <!-- Default test -->
  </suite> <!-- Default suite -->
</testng-results>
